[2022-02-11T13:11:14.014Z] [org.springframework.boot.StartupInfoLogger] [main] [[32m[0;39m] [50] [INFO ] Starting ApiDemoApplication on Lakshita-Raichura with PID 9496 (started by Lakshita in D:\AXA CODING CHALLENGE\java-challenge\alj-java-challenge-master\alj-java-challenge-master)
[2022-02-11T13:11:14.014Z] [org.springframework.boot.StartupInfoLogger] [main] [[32m[0;39m] [53] [DEBUG] Running with Spring Boot v2.1.4.RELEASE, Spring v5.1.6.RELEASE
[2022-02-11T13:11:14.014Z] [org.springframework.boot.SpringApplication] [main] [[32m[0;39m] [679] [INFO ] The following profiles are active: default
[2022-02-11T13:11:16.016Z] [org.apache.juli.logging.DirectJDKLog] [main] [[32m[0;39m] [173] [INFO ] Initializing ProtocolHandler ["http-nio-8181"]
[2022-02-11T13:11:16.016Z] [org.apache.juli.logging.DirectJDKLog] [main] [[32m[0;39m] [173] [INFO ] Starting service [Tomcat]
[2022-02-11T13:11:16.016Z] [org.apache.juli.logging.DirectJDKLog] [main] [[32m[0;39m] [173] [INFO ] Starting Servlet engine: [Apache Tomcat/9.0.17]
[2022-02-11T13:11:17.017Z] [org.apache.juli.logging.DirectJDKLog] [main] [[32m[0;39m] [173] [INFO ] Initializing Spring embedded WebApplicationContext
[2022-02-11T13:11:17.017Z] [org.springframework.boot.web.embedded.tomcat.TomcatStarter] [main] [[32m[0;39m] [62] [ERROR] Error starting Tomcat context. Exception: org.springframework.beans.factory.BeanCreationException. Message: Error creating bean with name 'servletEndpointRegistrar' defined in class path resource [org/springframework/boot/actuate/autoconfigure/endpoint/web/ServletEndpointManagementContextConfiguration$WebMvcServletEndpointManagementContextConfiguration.class]: Bean instantiation via factory method failed; nested exception is org.springframework.beans.BeanInstantiationException: Failed to instantiate [org.springframework.boot.actuate.endpoint.web.ServletEndpointRegistrar]: Factory method 'servletEndpointRegistrar' threw exception; nested exception is org.springframework.beans.factory.UnsatisfiedDependencyException: Error creating bean with name 'cachesEndpoint' defined in class path resource [org/springframework/boot/actuate/autoconfigure/cache/CachesEndpointAutoConfiguration.class]: Unsatisfied dependency expressed through method 'cachesEndpoint' parameter 0; nested exception is org.springframework.beans.factory.UnsatisfiedDependencyException: Error creating bean with name 'cacheManager' defined in class path resource [org/springframework/boot/autoconfigure/cache/HazelcastCacheConfiguration.class]: Unsatisfied dependency expressed through method 'cacheManager' parameter 0; nested exception is org.springframework.beans.factory.UnsatisfiedDependencyException: Error creating bean with name 'hazelcastInstance' defined in class path resource [org/springframework/boot/autoconfigure/hazelcast/HazelcastServerConfiguration$HazelcastServerConfigConfiguration.class]: Unsatisfied dependency expressed through method 'hazelcastInstance' parameter 0; nested exception is org.springframework.beans.factory.NoSuchBeanDefinitionException: No qualifying bean of type 'com.hazelcast.config.Config' available: expected at least 1 bean which qualifies as autowire candidate. Dependency annotations: {}
[2022-02-11T13:11:17.017Z] [org.apache.juli.logging.DirectJDKLog] [main] [[32m[0;39m] [173] [INFO ] Stopping service [Tomcat]
[2022-02-11T13:11:17.017Z] [org.springframework.boot.diagnostics.LoggingFailureAnalysisReporter] [main] [[32m[0;39m] [42] [ERROR] 

***************************
APPLICATION FAILED TO START
***************************

Description:

Parameter 0 of method hazelcastInstance in org.springframework.boot.autoconfigure.hazelcast.HazelcastServerConfiguration$HazelcastServerConfigConfiguration required a bean of type 'com.hazelcast.config.Config' that could not be found.

The following candidates were found but could not be injected:
	- User-defined bean method 'getHazelcastConfig' in 'HazelcastCacheConfiguration' ignored as the bean value is null


Action:

Consider revisiting the entries above or defining a bean of type 'com.hazelcast.config.Config' in your configuration.

[2022-02-11T13:12:38.038Z] [org.springframework.boot.StartupInfoLogger] [main] [[32m[0;39m] [50] [INFO ] Starting ApiDemoApplication on Lakshita-Raichura with PID 18972 (started by Lakshita in D:\AXA CODING CHALLENGE\java-challenge\alj-java-challenge-master\alj-java-challenge-master)
[2022-02-11T13:12:38.038Z] [org.springframework.boot.StartupInfoLogger] [main] [[32m[0;39m] [53] [DEBUG] Running with Spring Boot v2.1.4.RELEASE, Spring v5.1.6.RELEASE
[2022-02-11T13:12:38.038Z] [org.springframework.boot.SpringApplication] [main] [[32m[0;39m] [679] [INFO ] The following profiles are active: default
[2022-02-11T13:12:39.039Z] [org.apache.juli.logging.DirectJDKLog] [main] [[32m[0;39m] [173] [INFO ] Initializing ProtocolHandler ["http-nio-8181"]
[2022-02-11T13:12:39.039Z] [org.apache.juli.logging.DirectJDKLog] [main] [[32m[0;39m] [173] [INFO ] Starting service [Tomcat]
[2022-02-11T13:12:39.039Z] [org.apache.juli.logging.DirectJDKLog] [main] [[32m[0;39m] [173] [INFO ] Starting Servlet engine: [Apache Tomcat/9.0.17]
[2022-02-11T13:12:40.040Z] [org.apache.juli.logging.DirectJDKLog] [main] [[32m[0;39m] [173] [INFO ] Initializing Spring embedded WebApplicationContext
[2022-02-11T13:12:40.040Z] [org.springframework.boot.web.embedded.tomcat.TomcatStarter] [main] [[32m[0;39m] [62] [ERROR] Error starting Tomcat context. Exception: org.springframework.beans.factory.BeanCreationException. Message: Error creating bean with name 'servletEndpointRegistrar' defined in class path resource [org/springframework/boot/actuate/autoconfigure/endpoint/web/ServletEndpointManagementContextConfiguration$WebMvcServletEndpointManagementContextConfiguration.class]: Bean instantiation via factory method failed; nested exception is org.springframework.beans.BeanInstantiationException: Failed to instantiate [org.springframework.boot.actuate.endpoint.web.ServletEndpointRegistrar]: Factory method 'servletEndpointRegistrar' threw exception; nested exception is org.springframework.beans.factory.UnsatisfiedDependencyException: Error creating bean with name 'cachesEndpoint' defined in class path resource [org/springframework/boot/actuate/autoconfigure/cache/CachesEndpointAutoConfiguration.class]: Unsatisfied dependency expressed through method 'cachesEndpoint' parameter 0; nested exception is org.springframework.beans.factory.UnsatisfiedDependencyException: Error creating bean with name 'cacheManager' defined in class path resource [org/springframework/boot/autoconfigure/cache/HazelcastCacheConfiguration.class]: Unsatisfied dependency expressed through method 'cacheManager' parameter 0; nested exception is org.springframework.beans.factory.UnsatisfiedDependencyException: Error creating bean with name 'hazelcastInstance' defined in class path resource [org/springframework/boot/autoconfigure/hazelcast/HazelcastServerConfiguration$HazelcastServerConfigConfiguration.class]: Unsatisfied dependency expressed through method 'hazelcastInstance' parameter 0; nested exception is org.springframework.beans.factory.BeanCreationException: Error creating bean with name 'getHazelcastConfig' defined in class path resource [jp/co/axa/apidemo/configs/HazelcastCacheConfiguration.class]: Bean instantiation via factory method failed; nested exception is org.springframework.beans.BeanInstantiationException: Failed to instantiate [com.hazelcast.config.Config]: Factory method 'getHazelcastConfig' threw exception; nested exception is java.lang.Error: Unresolved compilation problems: 
	The constructor ObjectInputFilter.Config() is not visible
	The method setInstanceName(String) is undefined for the type ObjectInputFilter.Config
	LRU cannot be resolved or is not a field

[2022-02-11T13:12:40.040Z] [org.apache.juli.logging.DirectJDKLog] [main] [[32m[0;39m] [173] [INFO ] Stopping service [Tomcat]
[2022-02-11T13:12:40.040Z] [org.springframework.boot.SpringApplication] [main] [[32m[0;39m] [858] [ERROR] Application run failed
org.springframework.context.ApplicationContextException: Unable to start web server; nested exception is org.springframework.boot.web.server.WebServerException: Unable to start embedded Tomcat
	at org.springframework.boot.web.servlet.context.ServletWebServerApplicationContext.onRefresh(ServletWebServerApplicationContext.java:157)
	at org.springframework.context.support.AbstractApplicationContext.refresh(AbstractApplicationContext.java:543)
	at org.springframework.boot.web.servlet.context.ServletWebServerApplicationContext.refresh(ServletWebServerApplicationContext.java:142)
	at org.springframework.boot.SpringApplication.refresh(SpringApplication.java:775)
	at org.springframework.boot.SpringApplication.refreshContext(SpringApplication.java:397)
	at org.springframework.boot.SpringApplication.run(SpringApplication.java:316)
	at org.springframework.boot.SpringApplication.run(SpringApplication.java:1260)
	at org.springframework.boot.SpringApplication.run(SpringApplication.java:1248)
	at jp.co.axa.apidemo.ApiDemoApplication.main(ApiDemoApplication.java:20)
Caused by: org.springframework.boot.web.server.WebServerException: Unable to start embedded Tomcat
	at org.springframework.boot.web.embedded.tomcat.TomcatWebServer.initialize(TomcatWebServer.java:125)
	at org.springframework.boot.web.embedded.tomcat.TomcatWebServer.<init>(TomcatWebServer.java:86)
	at org.springframework.boot.web.embedded.tomcat.TomcatServletWebServerFactory.getTomcatWebServer(TomcatServletWebServerFactory.java:427)
	at org.springframework.boot.web.embedded.tomcat.TomcatServletWebServerFactory.getWebServer(TomcatServletWebServerFactory.java:180)
	at org.springframework.boot.web.servlet.context.ServletWebServerApplicationContext.createWebServer(ServletWebServerApplicationContext.java:181)
	at org.springframework.boot.web.servlet.context.ServletWebServerApplicationContext.onRefresh(ServletWebServerApplicationContext.java:154)
	... 8 common frames omitted
Caused by: org.springframework.beans.factory.BeanCreationException: Error creating bean with name 'servletEndpointRegistrar' defined in class path resource [org/springframework/boot/actuate/autoconfigure/endpoint/web/ServletEndpointManagementContextConfiguration$WebMvcServletEndpointManagementContextConfiguration.class]: Bean instantiation via factory method failed; nested exception is org.springframework.beans.BeanInstantiationException: Failed to instantiate [org.springframework.boot.actuate.endpoint.web.ServletEndpointRegistrar]: Factory method 'servletEndpointRegistrar' threw exception; nested exception is org.springframework.beans.factory.UnsatisfiedDependencyException: Error creating bean with name 'cachesEndpoint' defined in class path resource [org/springframework/boot/actuate/autoconfigure/cache/CachesEndpointAutoConfiguration.class]: Unsatisfied dependency expressed through method 'cachesEndpoint' parameter 0; nested exception is org.springframework.beans.factory.UnsatisfiedDependencyException: Error creating bean with name 'cacheManager' defined in class path resource [org/springframework/boot/autoconfigure/cache/HazelcastCacheConfiguration.class]: Unsatisfied dependency expressed through method 'cacheManager' parameter 0; nested exception is org.springframework.beans.factory.UnsatisfiedDependencyException: Error creating bean with name 'hazelcastInstance' defined in class path resource [org/springframework/boot/autoconfigure/hazelcast/HazelcastServerConfiguration$HazelcastServerConfigConfiguration.class]: Unsatisfied dependency expressed through method 'hazelcastInstance' parameter 0; nested exception is org.springframework.beans.factory.BeanCreationException: Error creating bean with name 'getHazelcastConfig' defined in class path resource [jp/co/axa/apidemo/configs/HazelcastCacheConfiguration.class]: Bean instantiation via factory method failed; nested exception is org.springframework.beans.BeanInstantiationException: Failed to instantiate [com.hazelcast.config.Config]: Factory method 'getHazelcastConfig' threw exception; nested exception is java.lang.Error: Unresolved compilation problems: 
	The constructor ObjectInputFilter.Config() is not visible
	The method setInstanceName(String) is undefined for the type ObjectInputFilter.Config
	LRU cannot be resolved or is not a field

	at org.springframework.beans.factory.support.ConstructorResolver.instantiate(ConstructorResolver.java:627)
	at org.springframework.beans.factory.support.ConstructorResolver.instantiateUsingFactoryMethod(ConstructorResolver.java:607)
	at org.springframework.beans.factory.support.AbstractAutowireCapableBeanFactory.instantiateUsingFactoryMethod(AbstractAutowireCapableBeanFactory.java:1321)
	at org.springframework.beans.factory.support.AbstractAutowireCapableBeanFactory.createBeanInstance(AbstractAutowireCapableBeanFactory.java:1160)
	at org.springframework.beans.factory.support.AbstractAutowireCapableBeanFactory.doCreateBean(AbstractAutowireCapableBeanFactory.java:555)
	at org.springframework.beans.factory.support.AbstractAutowireCapableBeanFactory.createBean(AbstractAutowireCapableBeanFactory.java:515)
	at org.springframework.beans.factory.support.AbstractBeanFactory.lambda$doGetBean$0(AbstractBeanFactory.java:320)
	at org.springframework.beans.factory.support.DefaultSingletonBeanRegistry.getSingleton(DefaultSingletonBeanRegistry.java:222)
	at org.springframework.beans.factory.support.AbstractBeanFactory.doGetBean(AbstractBeanFactory.java:318)
	at org.springframework.beans.factory.support.AbstractBeanFactory.getBean(AbstractBeanFactory.java:204)
	at org.springframework.boot.web.servlet.ServletContextInitializerBeans.getOrderedBeansOfType(ServletContextInitializerBeans.java:235)
	at org.springframework.boot.web.servlet.ServletContextInitializerBeans.getOrderedBeansOfType(ServletContextInitializerBeans.java:226)
	at org.springframework.boot.web.servlet.ServletContextInitializerBeans.addServletContextInitializerBeans(ServletContextInitializerBeans.java:101)
	at org.springframework.boot.web.servlet.ServletContextInitializerBeans.<init>(ServletContextInitializerBeans.java:88)
	at org.springframework.boot.web.servlet.context.ServletWebServerApplicationContext.getServletContextInitializerBeans(ServletWebServerApplicationContext.java:261)
	at org.springframework.boot.web.servlet.context.ServletWebServerApplicationContext.selfInitialize(ServletWebServerApplicationContext.java:234)
	at org.springframework.boot.web.embedded.tomcat.TomcatStarter.onStartup(TomcatStarter.java:54)
	at org.apache.catalina.core.StandardContext.startInternal(StandardContext.java:5139)
	at org.apache.catalina.util.LifecycleBase.start(LifecycleBase.java:183)
	at org.apache.catalina.core.ContainerBase$StartChild.call(ContainerBase.java:1377)
	at org.apache.catalina.core.ContainerBase$StartChild.call(ContainerBase.java:1367)
	at java.base/java.util.concurrent.FutureTask.run(FutureTask.java:264)
	at org.apache.tomcat.util.threads.InlineExecutorService.execute(InlineExecutorService.java:75)
	at java.base/java.util.concurrent.AbstractExecutorService.submit(AbstractExecutorService.java:140)
	at org.apache.catalina.core.ContainerBase.startInternal(ContainerBase.java:902)
	at org.apache.catalina.core.StandardHost.startInternal(StandardHost.java:831)
	at org.apache.catalina.util.LifecycleBase.start(LifecycleBase.java:183)
	at org.apache.catalina.core.ContainerBase$StartChild.call(ContainerBase.java:1377)
	at org.apache.catalina.core.ContainerBase$StartChild.call(ContainerBase.java:1367)
	at java.base/java.util.concurrent.FutureTask.run(FutureTask.java:264)
	at org.apache.tomcat.util.threads.InlineExecutorService.execute(InlineExecutorService.java:75)
	at java.base/java.util.concurrent.AbstractExecutorService.submit(AbstractExecutorService.java:140)
	at org.apache.catalina.core.ContainerBase.startInternal(ContainerBase.java:902)
	at org.apache.catalina.core.StandardEngine.startInternal(StandardEngine.java:262)
	at org.apache.catalina.util.LifecycleBase.start(LifecycleBase.java:183)
	at org.apache.catalina.core.StandardService.startInternal(StandardService.java:423)
	at org.apache.catalina.util.LifecycleBase.start(LifecycleBase.java:183)
	at org.apache.catalina.core.StandardServer.startInternal(StandardServer.java:928)
	at org.apache.catalina.util.LifecycleBase.start(LifecycleBase.java:183)
	at org.apache.catalina.startup.Tomcat.start(Tomcat.java:455)
	at org.springframework.boot.web.embedded.tomcat.TomcatWebServer.initialize(TomcatWebServer.java:106)
	... 13 common frames omitted
Caused by: org.springframework.beans.BeanInstantiationException: Failed to instantiate [org.springframework.boot.actuate.endpoint.web.ServletEndpointRegistrar]: Factory method 'servletEndpointRegistrar' threw exception; nested exception is org.springframework.beans.factory.UnsatisfiedDependencyException: Error creating bean with name 'cachesEndpoint' defined in class path resource [org/springframework/boot/actuate/autoconfigure/cache/CachesEndpointAutoConfiguration.class]: Unsatisfied dependency expressed through method 'cachesEndpoint' parameter 0; nested exception is org.springframework.beans.factory.UnsatisfiedDependencyException: Error creating bean with name 'cacheManager' defined in class path resource [org/springframework/boot/autoconfigure/cache/HazelcastCacheConfiguration.class]: Unsatisfied dependency expressed through method 'cacheManager' parameter 0; nested exception is org.springframework.beans.factory.UnsatisfiedDependencyException: Error creating bean with name 'hazelcastInstance' defined in class path resource [org/springframework/boot/autoconfigure/hazelcast/HazelcastServerConfiguration$HazelcastServerConfigConfiguration.class]: Unsatisfied dependency expressed through method 'hazelcastInstance' parameter 0; nested exception is org.springframework.beans.factory.BeanCreationException: Error creating bean with name 'getHazelcastConfig' defined in class path resource [jp/co/axa/apidemo/configs/HazelcastCacheConfiguration.class]: Bean instantiation via factory method failed; nested exception is org.springframework.beans.BeanInstantiationException: Failed to instantiate [com.hazelcast.config.Config]: Factory method 'getHazelcastConfig' threw exception; nested exception is java.lang.Error: Unresolved compilation problems: 
	The constructor ObjectInputFilter.Config() is not visible
	The method setInstanceName(String) is undefined for the type ObjectInputFilter.Config
	LRU cannot be resolved or is not a field

	at org.springframework.beans.factory.support.SimpleInstantiationStrategy.instantiate(SimpleInstantiationStrategy.java:185)
	at org.springframework.beans.factory.support.ConstructorResolver.instantiate(ConstructorResolver.java:622)
	... 53 common frames omitted
Caused by: org.springframework.beans.factory.UnsatisfiedDependencyException: Error creating bean with name 'cachesEndpoint' defined in class path resource [org/springframework/boot/actuate/autoconfigure/cache/CachesEndpointAutoConfiguration.class]: Unsatisfied dependency expressed through method 'cachesEndpoint' parameter 0; nested exception is org.springframework.beans.factory.UnsatisfiedDependencyException: Error creating bean with name 'cacheManager' defined in class path resource [org/springframework/boot/autoconfigure/cache/HazelcastCacheConfiguration.class]: Unsatisfied dependency expressed through method 'cacheManager' parameter 0; nested exception is org.springframework.beans.factory.UnsatisfiedDependencyException: Error creating bean with name 'hazelcastInstance' defined in class path resource [org/springframework/boot/autoconfigure/hazelcast/HazelcastServerConfiguration$HazelcastServerConfigConfiguration.class]: Unsatisfied dependency expressed through method 'hazelcastInstance' parameter 0; nested exception is org.springframework.beans.factory.BeanCreationException: Error creating bean with name 'getHazelcastConfig' defined in class path resource [jp/co/axa/apidemo/configs/HazelcastCacheConfiguration.class]: Bean instantiation via factory method failed; nested exception is org.springframework.beans.BeanInstantiationException: Failed to instantiate [com.hazelcast.config.Config]: Factory method 'getHazelcastConfig' threw exception; nested exception is java.lang.Error: Unresolved compilation problems: 
	The constructor ObjectInputFilter.Config() is not visible
	The method setInstanceName(String) is undefined for the type ObjectInputFilter.Config
	LRU cannot be resolved or is not a field

	at org.springframework.beans.factory.support.ConstructorResolver.createArgumentArray(ConstructorResolver.java:769)
	at org.springframework.beans.factory.support.ConstructorResolver.instantiateUsingFactoryMethod(ConstructorResolver.java:509)
	at org.springframework.beans.factory.support.AbstractAutowireCapableBeanFactory.instantiateUsingFactoryMethod(AbstractAutowireCapableBeanFactory.java:1321)
	at org.springframework.beans.factory.support.AbstractAutowireCapableBeanFactory.createBeanInstance(AbstractAutowireCapableBeanFactory.java:1160)
	at org.springframework.beans.factory.support.AbstractAutowireCapableBeanFactory.doCreateBean(AbstractAutowireCapableBeanFactory.java:555)
	at org.springframework.beans.factory.support.AbstractAutowireCapableBeanFactory.createBean(AbstractAutowireCapableBeanFactory.java:515)
	at org.springframework.beans.factory.support.AbstractBeanFactory.lambda$doGetBean$0(AbstractBeanFactory.java:320)
	at org.springframework.beans.factory.support.DefaultSingletonBeanRegistry.getSingleton(DefaultSingletonBeanRegistry.java:222)
	at org.springframework.beans.factory.support.AbstractBeanFactory.doGetBean(AbstractBeanFactory.java:318)
	at org.springframework.beans.factory.support.AbstractBeanFactory.getBean(AbstractBeanFactory.java:199)
	at org.springframework.context.support.AbstractApplicationContext.getBean(AbstractApplicationContext.java:1105)
	at org.springframework.boot.actuate.endpoint.annotation.EndpointDiscoverer.createEndpointBean(EndpointDiscoverer.java:149)
	at org.springframework.boot.actuate.endpoint.annotation.EndpointDiscoverer.createEndpointBeans(EndpointDiscoverer.java:136)
	at org.springframework.boot.actuate.endpoint.annotation.EndpointDiscoverer.discoverEndpoints(EndpointDiscoverer.java:125)
	at org.springframework.boot.actuate.endpoint.annotation.EndpointDiscoverer.getEndpoints(EndpointDiscoverer.java:119)
	at org.springframework.boot.actuate.autoconfigure.endpoint.web.ServletEndpointManagementContextConfiguration$WebMvcServletEndpointManagementContextConfiguration.servletEndpointRegistrar(ServletEndpointManagementContextConfiguration.java:76)
	at org.springframework.boot.actuate.autoconfigure.endpoint.web.ServletEndpointManagementContextConfiguration$WebMvcServletEndpointManagementContextConfiguration$$EnhancerBySpringCGLIB$$405b59b9.CGLIB$servletEndpointRegistrar$0(<generated>)
	at org.springframework.boot.actuate.autoconfigure.endpoint.web.ServletEndpointManagementContextConfiguration$WebMvcServletEndpointManagementContextConfiguration$$EnhancerBySpringCGLIB$$405b59b9$$FastClassBySpringCGLIB$$5ee97ac7.invoke(<generated>)
	at org.springframework.cglib.proxy.MethodProxy.invokeSuper(MethodProxy.java:244)
	at org.springframework.context.annotation.ConfigurationClassEnhancer$BeanMethodInterceptor.intercept(ConfigurationClassEnhancer.java:363)
	at org.springframework.boot.actuate.autoconfigure.endpoint.web.ServletEndpointManagementContextConfiguration$WebMvcServletEndpointManagementContextConfiguration$$EnhancerBySpringCGLIB$$405b59b9.servletEndpointRegistrar(<generated>)
	at java.base/jdk.internal.reflect.NativeMethodAccessorImpl.invoke0(Native Method)
	at java.base/jdk.internal.reflect.NativeMethodAccessorImpl.invoke(NativeMethodAccessorImpl.java:64)
	at java.base/jdk.internal.reflect.DelegatingMethodAccessorImpl.invoke(DelegatingMethodAccessorImpl.java:43)
	at java.base/java.lang.reflect.Method.invoke(Method.java:564)
	at org.springframework.beans.factory.support.SimpleInstantiationStrategy.instantiate(SimpleInstantiationStrategy.java:154)
	... 54 common frames omitted
Caused by: org.springframework.beans.factory.UnsatisfiedDependencyException: Error creating bean with name 'cacheManager' defined in class path resource [org/springframework/boot/autoconfigure/cache/HazelcastCacheConfiguration.class]: Unsatisfied dependency expressed through method 'cacheManager' parameter 0; nested exception is org.springframework.beans.factory.UnsatisfiedDependencyException: Error creating bean with name 'hazelcastInstance' defined in class path resource [org/springframework/boot/autoconfigure/hazelcast/HazelcastServerConfiguration$HazelcastServerConfigConfiguration.class]: Unsatisfied dependency expressed through method 'hazelcastInstance' parameter 0; nested exception is org.springframework.beans.factory.BeanCreationException: Error creating bean with name 'getHazelcastConfig' defined in class path resource [jp/co/axa/apidemo/configs/HazelcastCacheConfiguration.class]: Bean instantiation via factory method failed; nested exception is org.springframework.beans.BeanInstantiationException: Failed to instantiate [com.hazelcast.config.Config]: Factory method 'getHazelcastConfig' threw exception; nested exception is java.lang.Error: Unresolved compilation problems: 
	The constructor ObjectInputFilter.Config() is not visible
	The method setInstanceName(String) is undefined for the type ObjectInputFilter.Config
	LRU cannot be resolved or is not a field

	at org.springframework.beans.factory.support.ConstructorResolver.createArgumentArray(ConstructorResolver.java:769)
	at org.springframework.beans.factory.support.ConstructorResolver.instantiateUsingFactoryMethod(ConstructorResolver.java:509)
	at org.springframework.beans.factory.support.AbstractAutowireCapableBeanFactory.instantiateUsingFactoryMethod(AbstractAutowireCapableBeanFactory.java:1321)
	at org.springframework.beans.factory.support.AbstractAutowireCapableBeanFactory.createBeanInstance(AbstractAutowireCapableBeanFactory.java:1160)
	at org.springframework.beans.factory.support.AbstractAutowireCapableBeanFactory.doCreateBean(AbstractAutowireCapableBeanFactory.java:555)
	at org.springframework.beans.factory.support.AbstractAutowireCapableBeanFactory.createBean(AbstractAutowireCapableBeanFactory.java:515)
	at org.springframework.beans.factory.support.AbstractBeanFactory.lambda$doGetBean$0(AbstractBeanFactory.java:320)
	at org.springframework.beans.factory.support.DefaultSingletonBeanRegistry.getSingleton(DefaultSingletonBeanRegistry.java:222)
	at org.springframework.beans.factory.support.AbstractBeanFactory.doGetBean(AbstractBeanFactory.java:318)
	at org.springframework.beans.factory.support.AbstractBeanFactory.getBean(AbstractBeanFactory.java:199)
	at org.springframework.beans.factory.config.DependencyDescriptor.resolveCandidate(DependencyDescriptor.java:277)
	at org.springframework.beans.factory.support.DefaultListableBeanFactory.addCandidateEntry(DefaultListableBeanFactory.java:1463)
	at org.springframework.beans.factory.support.DefaultListableBeanFactory.findAutowireCandidates(DefaultListableBeanFactory.java:1427)
	at org.springframework.beans.factory.support.DefaultListableBeanFactory.resolveMultipleBeans(DefaultListableBeanFactory.java:1346)
	at org.springframework.beans.factory.support.DefaultListableBeanFactory.doResolveDependency(DefaultListableBeanFactory.java:1205)
	at org.springframework.beans.factory.support.DefaultListableBeanFactory.resolveDependency(DefaultListableBeanFactory.java:1167)
	at org.springframework.beans.factory.support.ConstructorResolver.resolveAutowiredArgument(ConstructorResolver.java:857)
	at org.springframework.beans.factory.support.ConstructorResolver.createArgumentArray(ConstructorResolver.java:760)
	... 79 common frames omitted
Caused by: org.springframework.beans.factory.UnsatisfiedDependencyException: Error creating bean with name 'hazelcastInstance' defined in class path resource [org/springframework/boot/autoconfigure/hazelcast/HazelcastServerConfiguration$HazelcastServerConfigConfiguration.class]: Unsatisfied dependency expressed through method 'hazelcastInstance' parameter 0; nested exception is org.springframework.beans.factory.BeanCreationException: Error creating bean with name 'getHazelcastConfig' defined in class path resource [jp/co/axa/apidemo/configs/HazelcastCacheConfiguration.class]: Bean instantiation via factory method failed; nested exception is org.springframework.beans.BeanInstantiationException: Failed to instantiate [com.hazelcast.config.Config]: Factory method 'getHazelcastConfig' threw exception; nested exception is java.lang.Error: Unresolved compilation problems: 
	The constructor ObjectInputFilter.Config() is not visible
	The method setInstanceName(String) is undefined for the type ObjectInputFilter.Config
	LRU cannot be resolved or is not a field

	at org.springframework.beans.factory.support.ConstructorResolver.createArgumentArray(ConstructorResolver.java:769)
	at org.springframework.beans.factory.support.ConstructorResolver.instantiateUsingFactoryMethod(ConstructorResolver.java:509)
	at org.springframework.beans.factory.support.AbstractAutowireCapableBeanFactory.instantiateUsingFactoryMethod(AbstractAutowireCapableBeanFactory.java:1321)
	at org.springframework.beans.factory.support.AbstractAutowireCapableBeanFactory.createBeanInstance(AbstractAutowireCapableBeanFactory.java:1160)
	at org.springframework.beans.factory.support.AbstractAutowireCapableBeanFactory.doCreateBean(AbstractAutowireCapableBeanFactory.java:555)
	at org.springframework.beans.factory.support.AbstractAutowireCapableBeanFactory.createBean(AbstractAutowireCapableBeanFactory.java:515)
	at org.springframework.beans.factory.support.AbstractBeanFactory.lambda$doGetBean$0(AbstractBeanFactory.java:320)
	at org.springframework.beans.factory.support.DefaultSingletonBeanRegistry.getSingleton(DefaultSingletonBeanRegistry.java:222)
	at org.springframework.beans.factory.support.AbstractBeanFactory.doGetBean(AbstractBeanFactory.java:318)
	at org.springframework.beans.factory.support.AbstractBeanFactory.getBean(AbstractBeanFactory.java:199)
	at org.springframework.beans.factory.config.DependencyDescriptor.resolveCandidate(DependencyDescriptor.java:277)
	at org.springframework.beans.factory.support.DefaultListableBeanFactory.doResolveDependency(DefaultListableBeanFactory.java:1247)
	at org.springframework.beans.factory.support.DefaultListableBeanFactory.resolveDependency(DefaultListableBeanFactory.java:1167)
	at org.springframework.beans.factory.support.ConstructorResolver.resolveAutowiredArgument(ConstructorResolver.java:857)
	at org.springframework.beans.factory.support.ConstructorResolver.createArgumentArray(ConstructorResolver.java:760)
	... 96 common frames omitted
Caused by: org.springframework.beans.factory.BeanCreationException: Error creating bean with name 'getHazelcastConfig' defined in class path resource [jp/co/axa/apidemo/configs/HazelcastCacheConfiguration.class]: Bean instantiation via factory method failed; nested exception is org.springframework.beans.BeanInstantiationException: Failed to instantiate [com.hazelcast.config.Config]: Factory method 'getHazelcastConfig' threw exception; nested exception is java.lang.Error: Unresolved compilation problems: 
	The constructor ObjectInputFilter.Config() is not visible
	The method setInstanceName(String) is undefined for the type ObjectInputFilter.Config
	LRU cannot be resolved or is not a field

	at org.springframework.beans.factory.support.ConstructorResolver.instantiate(ConstructorResolver.java:627)
	at org.springframework.beans.factory.support.ConstructorResolver.instantiateUsingFactoryMethod(ConstructorResolver.java:456)
	at org.springframework.beans.factory.support.AbstractAutowireCapableBeanFactory.instantiateUsingFactoryMethod(AbstractAutowireCapableBeanFactory.java:1321)
	at org.springframework.beans.factory.support.AbstractAutowireCapableBeanFactory.createBeanInstance(AbstractAutowireCapableBeanFactory.java:1160)
	at org.springframework.beans.factory.support.AbstractAutowireCapableBeanFactory.doCreateBean(AbstractAutowireCapableBeanFactory.java:555)
	at org.springframework.beans.factory.support.AbstractAutowireCapableBeanFactory.createBean(AbstractAutowireCapableBeanFactory.java:515)
	at org.springframework.beans.factory.support.AbstractBeanFactory.lambda$doGetBean$0(AbstractBeanFactory.java:320)
	at org.springframework.beans.factory.support.DefaultSingletonBeanRegistry.getSingleton(DefaultSingletonBeanRegistry.java:222)
	at org.springframework.beans.factory.support.AbstractBeanFactory.doGetBean(AbstractBeanFactory.java:318)
	at org.springframework.beans.factory.support.AbstractBeanFactory.getBean(AbstractBeanFactory.java:199)
	at org.springframework.beans.factory.config.DependencyDescriptor.resolveCandidate(DependencyDescriptor.java:277)
	at org.springframework.beans.factory.support.DefaultListableBeanFactory.doResolveDependency(DefaultListableBeanFactory.java:1247)
	at org.springframework.beans.factory.support.DefaultListableBeanFactory.resolveDependency(DefaultListableBeanFactory.java:1167)
	at org.springframework.beans.factory.support.ConstructorResolver.resolveAutowiredArgument(ConstructorResolver.java:857)
	at org.springframework.beans.factory.support.ConstructorResolver.createArgumentArray(ConstructorResolver.java:760)
	... 110 common frames omitted
Caused by: org.springframework.beans.BeanInstantiationException: Failed to instantiate [com.hazelcast.config.Config]: Factory method 'getHazelcastConfig' threw exception; nested exception is java.lang.Error: Unresolved compilation problems: 
	The constructor ObjectInputFilter.Config() is not visible
	The method setInstanceName(String) is undefined for the type ObjectInputFilter.Config
	LRU cannot be resolved or is not a field

	at org.springframework.beans.factory.support.SimpleInstantiationStrategy.instantiate(SimpleInstantiationStrategy.java:185)
	at org.springframework.beans.factory.support.ConstructorResolver.instantiate(ConstructorResolver.java:622)
	... 124 common frames omitted
Caused by: java.lang.Error: Unresolved compilation problems: 
	The constructor ObjectInputFilter.Config() is not visible
	The method setInstanceName(String) is undefined for the type ObjectInputFilter.Config
	LRU cannot be resolved or is not a field

	at jp.co.axa.apidemo.configs.HazelcastCacheConfiguration.getHazelcastConfig(HazelcastCacheConfiguration.java:35)
	at jp.co.axa.apidemo.configs.HazelcastCacheConfiguration$$EnhancerBySpringCGLIB$$d9331d12.CGLIB$getHazelcastConfig$0(<generated>)
	at jp.co.axa.apidemo.configs.HazelcastCacheConfiguration$$EnhancerBySpringCGLIB$$d9331d12$$FastClassBySpringCGLIB$$90153bd3.invoke(<generated>)
	at org.springframework.cglib.proxy.MethodProxy.invokeSuper(MethodProxy.java:244)
	at org.springframework.context.annotation.ConfigurationClassEnhancer$BeanMethodInterceptor.intercept(ConfigurationClassEnhancer.java:363)
	at jp.co.axa.apidemo.configs.HazelcastCacheConfiguration$$EnhancerBySpringCGLIB$$d9331d12.getHazelcastConfig(<generated>)
	at java.base/jdk.internal.reflect.NativeMethodAccessorImpl.invoke0(Native Method)
	at java.base/jdk.internal.reflect.NativeMethodAccessorImpl.invoke(NativeMethodAccessorImpl.java:64)
	at java.base/jdk.internal.reflect.DelegatingMethodAccessorImpl.invoke(DelegatingMethodAccessorImpl.java:43)
	at java.base/java.lang.reflect.Method.invoke(Method.java:564)
	at org.springframework.beans.factory.support.SimpleInstantiationStrategy.instantiate(SimpleInstantiationStrategy.java:154)
	... 125 common frames omitted
[2022-02-11T13:46:23.023Z] [org.springframework.boot.StartupInfoLogger] [main] [[32m[0;39m] [50] [INFO ] Starting ApiDemoApplication on Lakshita-Raichura with PID 21052 (started by Lakshita in D:\AXA CODING CHALLENGE\java-challenge\alj-java-challenge-master\alj-java-challenge-master)
[2022-02-11T13:46:23.023Z] [org.springframework.boot.StartupInfoLogger] [main] [[32m[0;39m] [53] [DEBUG] Running with Spring Boot v2.1.4.RELEASE, Spring v5.1.6.RELEASE
[2022-02-11T13:46:23.023Z] [org.springframework.boot.SpringApplication] [main] [[32m[0;39m] [679] [INFO ] The following profiles are active: default
[2022-02-11T13:46:25.025Z] [org.apache.juli.logging.DirectJDKLog] [main] [[32m[0;39m] [173] [INFO ] Initializing ProtocolHandler ["http-nio-8181"]
[2022-02-11T13:46:25.025Z] [org.apache.juli.logging.DirectJDKLog] [main] [[32m[0;39m] [173] [INFO ] Starting service [Tomcat]
[2022-02-11T13:46:25.025Z] [org.apache.juli.logging.DirectJDKLog] [main] [[32m[0;39m] [173] [INFO ] Starting Servlet engine: [Apache Tomcat/9.0.17]
[2022-02-11T13:46:25.025Z] [org.apache.juli.logging.DirectJDKLog] [main] [[32m[0;39m] [173] [INFO ] Initializing Spring embedded WebApplicationContext
[2022-02-11T13:46:25.025Z] [org.springframework.boot.web.embedded.tomcat.TomcatStarter] [main] [[32m[0;39m] [62] [ERROR] Error starting Tomcat context. Exception: org.springframework.beans.factory.BeanCreationException. Message: Error creating bean with name 'servletEndpointRegistrar' defined in class path resource [org/springframework/boot/actuate/autoconfigure/endpoint/web/ServletEndpointManagementContextConfiguration$WebMvcServletEndpointManagementContextConfiguration.class]: Bean instantiation via factory method failed; nested exception is org.springframework.beans.BeanInstantiationException: Failed to instantiate [org.springframework.boot.actuate.endpoint.web.ServletEndpointRegistrar]: Factory method 'servletEndpointRegistrar' threw exception; nested exception is org.springframework.beans.factory.UnsatisfiedDependencyException: Error creating bean with name 'cachesEndpoint' defined in class path resource [org/springframework/boot/actuate/autoconfigure/cache/CachesEndpointAutoConfiguration.class]: Unsatisfied dependency expressed through method 'cachesEndpoint' parameter 0; nested exception is org.springframework.beans.factory.UnsatisfiedDependencyException: Error creating bean with name 'cacheManager' defined in class path resource [org/springframework/boot/autoconfigure/cache/HazelcastCacheConfiguration.class]: Unsatisfied dependency expressed through method 'cacheManager' parameter 0; nested exception is org.springframework.beans.factory.UnsatisfiedDependencyException: Error creating bean with name 'hazelcastInstance' defined in class path resource [org/springframework/boot/autoconfigure/hazelcast/HazelcastServerConfiguration$HazelcastServerConfigConfiguration.class]: Unsatisfied dependency expressed through method 'hazelcastInstance' parameter 0; nested exception is org.springframework.beans.factory.BeanCreationException: Error creating bean with name 'getHazelcastConfig' defined in class path resource [jp/co/axa/apidemo/configs/HazelcastCacheConfiguration.class]: Bean instantiation via factory method failed; nested exception is org.springframework.beans.BeanInstantiationException: Failed to instantiate [com.hazelcast.config.Config]: Factory method 'getHazelcastConfig' threw exception; nested exception is java.lang.Error: Unresolved compilation problem: 
	LRU cannot be resolved or is not a field

[2022-02-11T13:46:25.025Z] [org.apache.juli.logging.DirectJDKLog] [main] [[32m[0;39m] [173] [INFO ] Stopping service [Tomcat]
[2022-02-11T13:46:25.025Z] [org.springframework.boot.SpringApplication] [main] [[32m[0;39m] [858] [ERROR] Application run failed
org.springframework.context.ApplicationContextException: Unable to start web server; nested exception is org.springframework.boot.web.server.WebServerException: Unable to start embedded Tomcat
	at org.springframework.boot.web.servlet.context.ServletWebServerApplicationContext.onRefresh(ServletWebServerApplicationContext.java:157)
	at org.springframework.context.support.AbstractApplicationContext.refresh(AbstractApplicationContext.java:543)
	at org.springframework.boot.web.servlet.context.ServletWebServerApplicationContext.refresh(ServletWebServerApplicationContext.java:142)
	at org.springframework.boot.SpringApplication.refresh(SpringApplication.java:775)
	at org.springframework.boot.SpringApplication.refreshContext(SpringApplication.java:397)
	at org.springframework.boot.SpringApplication.run(SpringApplication.java:316)
	at org.springframework.boot.SpringApplication.run(SpringApplication.java:1260)
	at org.springframework.boot.SpringApplication.run(SpringApplication.java:1248)
	at jp.co.axa.apidemo.ApiDemoApplication.main(ApiDemoApplication.java:20)
Caused by: org.springframework.boot.web.server.WebServerException: Unable to start embedded Tomcat
	at org.springframework.boot.web.embedded.tomcat.TomcatWebServer.initialize(TomcatWebServer.java:125)
	at org.springframework.boot.web.embedded.tomcat.TomcatWebServer.<init>(TomcatWebServer.java:86)
	at org.springframework.boot.web.embedded.tomcat.TomcatServletWebServerFactory.getTomcatWebServer(TomcatServletWebServerFactory.java:427)
	at org.springframework.boot.web.embedded.tomcat.TomcatServletWebServerFactory.getWebServer(TomcatServletWebServerFactory.java:180)
	at org.springframework.boot.web.servlet.context.ServletWebServerApplicationContext.createWebServer(ServletWebServerApplicationContext.java:181)
	at org.springframework.boot.web.servlet.context.ServletWebServerApplicationContext.onRefresh(ServletWebServerApplicationContext.java:154)
	... 8 common frames omitted
Caused by: org.springframework.beans.factory.BeanCreationException: Error creating bean with name 'servletEndpointRegistrar' defined in class path resource [org/springframework/boot/actuate/autoconfigure/endpoint/web/ServletEndpointManagementContextConfiguration$WebMvcServletEndpointManagementContextConfiguration.class]: Bean instantiation via factory method failed; nested exception is org.springframework.beans.BeanInstantiationException: Failed to instantiate [org.springframework.boot.actuate.endpoint.web.ServletEndpointRegistrar]: Factory method 'servletEndpointRegistrar' threw exception; nested exception is org.springframework.beans.factory.UnsatisfiedDependencyException: Error creating bean with name 'cachesEndpoint' defined in class path resource [org/springframework/boot/actuate/autoconfigure/cache/CachesEndpointAutoConfiguration.class]: Unsatisfied dependency expressed through method 'cachesEndpoint' parameter 0; nested exception is org.springframework.beans.factory.UnsatisfiedDependencyException: Error creating bean with name 'cacheManager' defined in class path resource [org/springframework/boot/autoconfigure/cache/HazelcastCacheConfiguration.class]: Unsatisfied dependency expressed through method 'cacheManager' parameter 0; nested exception is org.springframework.beans.factory.UnsatisfiedDependencyException: Error creating bean with name 'hazelcastInstance' defined in class path resource [org/springframework/boot/autoconfigure/hazelcast/HazelcastServerConfiguration$HazelcastServerConfigConfiguration.class]: Unsatisfied dependency expressed through method 'hazelcastInstance' parameter 0; nested exception is org.springframework.beans.factory.BeanCreationException: Error creating bean with name 'getHazelcastConfig' defined in class path resource [jp/co/axa/apidemo/configs/HazelcastCacheConfiguration.class]: Bean instantiation via factory method failed; nested exception is org.springframework.beans.BeanInstantiationException: Failed to instantiate [com.hazelcast.config.Config]: Factory method 'getHazelcastConfig' threw exception; nested exception is java.lang.Error: Unresolved compilation problem: 
	LRU cannot be resolved or is not a field

	at org.springframework.beans.factory.support.ConstructorResolver.instantiate(ConstructorResolver.java:627)
	at org.springframework.beans.factory.support.ConstructorResolver.instantiateUsingFactoryMethod(ConstructorResolver.java:607)
	at org.springframework.beans.factory.support.AbstractAutowireCapableBeanFactory.instantiateUsingFactoryMethod(AbstractAutowireCapableBeanFactory.java:1321)
	at org.springframework.beans.factory.support.AbstractAutowireCapableBeanFactory.createBeanInstance(AbstractAutowireCapableBeanFactory.java:1160)
	at org.springframework.beans.factory.support.AbstractAutowireCapableBeanFactory.doCreateBean(AbstractAutowireCapableBeanFactory.java:555)
	at org.springframework.beans.factory.support.AbstractAutowireCapableBeanFactory.createBean(AbstractAutowireCapableBeanFactory.java:515)
	at org.springframework.beans.factory.support.AbstractBeanFactory.lambda$doGetBean$0(AbstractBeanFactory.java:320)
	at org.springframework.beans.factory.support.DefaultSingletonBeanRegistry.getSingleton(DefaultSingletonBeanRegistry.java:222)
	at org.springframework.beans.factory.support.AbstractBeanFactory.doGetBean(AbstractBeanFactory.java:318)
	at org.springframework.beans.factory.support.AbstractBeanFactory.getBean(AbstractBeanFactory.java:204)
	at org.springframework.boot.web.servlet.ServletContextInitializerBeans.getOrderedBeansOfType(ServletContextInitializerBeans.java:235)
	at org.springframework.boot.web.servlet.ServletContextInitializerBeans.getOrderedBeansOfType(ServletContextInitializerBeans.java:226)
	at org.springframework.boot.web.servlet.ServletContextInitializerBeans.addServletContextInitializerBeans(ServletContextInitializerBeans.java:101)
	at org.springframework.boot.web.servlet.ServletContextInitializerBeans.<init>(ServletContextInitializerBeans.java:88)
	at org.springframework.boot.web.servlet.context.ServletWebServerApplicationContext.getServletContextInitializerBeans(ServletWebServerApplicationContext.java:261)
	at org.springframework.boot.web.servlet.context.ServletWebServerApplicationContext.selfInitialize(ServletWebServerApplicationContext.java:234)
	at org.springframework.boot.web.embedded.tomcat.TomcatStarter.onStartup(TomcatStarter.java:54)
	at org.apache.catalina.core.StandardContext.startInternal(StandardContext.java:5139)
	at org.apache.catalina.util.LifecycleBase.start(LifecycleBase.java:183)
	at org.apache.catalina.core.ContainerBase$StartChild.call(ContainerBase.java:1377)
	at org.apache.catalina.core.ContainerBase$StartChild.call(ContainerBase.java:1367)
	at java.base/java.util.concurrent.FutureTask.run(FutureTask.java:264)
	at org.apache.tomcat.util.threads.InlineExecutorService.execute(InlineExecutorService.java:75)
	at java.base/java.util.concurrent.AbstractExecutorService.submit(AbstractExecutorService.java:140)
	at org.apache.catalina.core.ContainerBase.startInternal(ContainerBase.java:902)
	at org.apache.catalina.core.StandardHost.startInternal(StandardHost.java:831)
	at org.apache.catalina.util.LifecycleBase.start(LifecycleBase.java:183)
	at org.apache.catalina.core.ContainerBase$StartChild.call(ContainerBase.java:1377)
	at org.apache.catalina.core.ContainerBase$StartChild.call(ContainerBase.java:1367)
	at java.base/java.util.concurrent.FutureTask.run(FutureTask.java:264)
	at org.apache.tomcat.util.threads.InlineExecutorService.execute(InlineExecutorService.java:75)
	at java.base/java.util.concurrent.AbstractExecutorService.submit(AbstractExecutorService.java:140)
	at org.apache.catalina.core.ContainerBase.startInternal(ContainerBase.java:902)
	at org.apache.catalina.core.StandardEngine.startInternal(StandardEngine.java:262)
	at org.apache.catalina.util.LifecycleBase.start(LifecycleBase.java:183)
	at org.apache.catalina.core.StandardService.startInternal(StandardService.java:423)
	at org.apache.catalina.util.LifecycleBase.start(LifecycleBase.java:183)
	at org.apache.catalina.core.StandardServer.startInternal(StandardServer.java:928)
	at org.apache.catalina.util.LifecycleBase.start(LifecycleBase.java:183)
	at org.apache.catalina.startup.Tomcat.start(Tomcat.java:455)
	at org.springframework.boot.web.embedded.tomcat.TomcatWebServer.initialize(TomcatWebServer.java:106)
	... 13 common frames omitted
Caused by: org.springframework.beans.BeanInstantiationException: Failed to instantiate [org.springframework.boot.actuate.endpoint.web.ServletEndpointRegistrar]: Factory method 'servletEndpointRegistrar' threw exception; nested exception is org.springframework.beans.factory.UnsatisfiedDependencyException: Error creating bean with name 'cachesEndpoint' defined in class path resource [org/springframework/boot/actuate/autoconfigure/cache/CachesEndpointAutoConfiguration.class]: Unsatisfied dependency expressed through method 'cachesEndpoint' parameter 0; nested exception is org.springframework.beans.factory.UnsatisfiedDependencyException: Error creating bean with name 'cacheManager' defined in class path resource [org/springframework/boot/autoconfigure/cache/HazelcastCacheConfiguration.class]: Unsatisfied dependency expressed through method 'cacheManager' parameter 0; nested exception is org.springframework.beans.factory.UnsatisfiedDependencyException: Error creating bean with name 'hazelcastInstance' defined in class path resource [org/springframework/boot/autoconfigure/hazelcast/HazelcastServerConfiguration$HazelcastServerConfigConfiguration.class]: Unsatisfied dependency expressed through method 'hazelcastInstance' parameter 0; nested exception is org.springframework.beans.factory.BeanCreationException: Error creating bean with name 'getHazelcastConfig' defined in class path resource [jp/co/axa/apidemo/configs/HazelcastCacheConfiguration.class]: Bean instantiation via factory method failed; nested exception is org.springframework.beans.BeanInstantiationException: Failed to instantiate [com.hazelcast.config.Config]: Factory method 'getHazelcastConfig' threw exception; nested exception is java.lang.Error: Unresolved compilation problem: 
	LRU cannot be resolved or is not a field

	at org.springframework.beans.factory.support.SimpleInstantiationStrategy.instantiate(SimpleInstantiationStrategy.java:185)
	at org.springframework.beans.factory.support.ConstructorResolver.instantiate(ConstructorResolver.java:622)
	... 53 common frames omitted
Caused by: org.springframework.beans.factory.UnsatisfiedDependencyException: Error creating bean with name 'cachesEndpoint' defined in class path resource [org/springframework/boot/actuate/autoconfigure/cache/CachesEndpointAutoConfiguration.class]: Unsatisfied dependency expressed through method 'cachesEndpoint' parameter 0; nested exception is org.springframework.beans.factory.UnsatisfiedDependencyException: Error creating bean with name 'cacheManager' defined in class path resource [org/springframework/boot/autoconfigure/cache/HazelcastCacheConfiguration.class]: Unsatisfied dependency expressed through method 'cacheManager' parameter 0; nested exception is org.springframework.beans.factory.UnsatisfiedDependencyException: Error creating bean with name 'hazelcastInstance' defined in class path resource [org/springframework/boot/autoconfigure/hazelcast/HazelcastServerConfiguration$HazelcastServerConfigConfiguration.class]: Unsatisfied dependency expressed through method 'hazelcastInstance' parameter 0; nested exception is org.springframework.beans.factory.BeanCreationException: Error creating bean with name 'getHazelcastConfig' defined in class path resource [jp/co/axa/apidemo/configs/HazelcastCacheConfiguration.class]: Bean instantiation via factory method failed; nested exception is org.springframework.beans.BeanInstantiationException: Failed to instantiate [com.hazelcast.config.Config]: Factory method 'getHazelcastConfig' threw exception; nested exception is java.lang.Error: Unresolved compilation problem: 
	LRU cannot be resolved or is not a field

	at org.springframework.beans.factory.support.ConstructorResolver.createArgumentArray(ConstructorResolver.java:769)
	at org.springframework.beans.factory.support.ConstructorResolver.instantiateUsingFactoryMethod(ConstructorResolver.java:509)
	at org.springframework.beans.factory.support.AbstractAutowireCapableBeanFactory.instantiateUsingFactoryMethod(AbstractAutowireCapableBeanFactory.java:1321)
	at org.springframework.beans.factory.support.AbstractAutowireCapableBeanFactory.createBeanInstance(AbstractAutowireCapableBeanFactory.java:1160)
	at org.springframework.beans.factory.support.AbstractAutowireCapableBeanFactory.doCreateBean(AbstractAutowireCapableBeanFactory.java:555)
	at org.springframework.beans.factory.support.AbstractAutowireCapableBeanFactory.createBean(AbstractAutowireCapableBeanFactory.java:515)
	at org.springframework.beans.factory.support.AbstractBeanFactory.lambda$doGetBean$0(AbstractBeanFactory.java:320)
	at org.springframework.beans.factory.support.DefaultSingletonBeanRegistry.getSingleton(DefaultSingletonBeanRegistry.java:222)
	at org.springframework.beans.factory.support.AbstractBeanFactory.doGetBean(AbstractBeanFactory.java:318)
	at org.springframework.beans.factory.support.AbstractBeanFactory.getBean(AbstractBeanFactory.java:199)
	at org.springframework.context.support.AbstractApplicationContext.getBean(AbstractApplicationContext.java:1105)
	at org.springframework.boot.actuate.endpoint.annotation.EndpointDiscoverer.createEndpointBean(EndpointDiscoverer.java:149)
	at org.springframework.boot.actuate.endpoint.annotation.EndpointDiscoverer.createEndpointBeans(EndpointDiscoverer.java:136)
	at org.springframework.boot.actuate.endpoint.annotation.EndpointDiscoverer.discoverEndpoints(EndpointDiscoverer.java:125)
	at org.springframework.boot.actuate.endpoint.annotation.EndpointDiscoverer.getEndpoints(EndpointDiscoverer.java:119)
	at org.springframework.boot.actuate.autoconfigure.endpoint.web.ServletEndpointManagementContextConfiguration$WebMvcServletEndpointManagementContextConfiguration.servletEndpointRegistrar(ServletEndpointManagementContextConfiguration.java:76)
	at org.springframework.boot.actuate.autoconfigure.endpoint.web.ServletEndpointManagementContextConfiguration$WebMvcServletEndpointManagementContextConfiguration$$EnhancerBySpringCGLIB$$4dc18ad8.CGLIB$servletEndpointRegistrar$0(<generated>)
	at org.springframework.boot.actuate.autoconfigure.endpoint.web.ServletEndpointManagementContextConfiguration$WebMvcServletEndpointManagementContextConfiguration$$EnhancerBySpringCGLIB$$4dc18ad8$$FastClassBySpringCGLIB$$697be45e.invoke(<generated>)
	at org.springframework.cglib.proxy.MethodProxy.invokeSuper(MethodProxy.java:244)
	at org.springframework.context.annotation.ConfigurationClassEnhancer$BeanMethodInterceptor.intercept(ConfigurationClassEnhancer.java:363)
	at org.springframework.boot.actuate.autoconfigure.endpoint.web.ServletEndpointManagementContextConfiguration$WebMvcServletEndpointManagementContextConfiguration$$EnhancerBySpringCGLIB$$4dc18ad8.servletEndpointRegistrar(<generated>)
	at java.base/jdk.internal.reflect.NativeMethodAccessorImpl.invoke0(Native Method)
	at java.base/jdk.internal.reflect.NativeMethodAccessorImpl.invoke(NativeMethodAccessorImpl.java:64)
	at java.base/jdk.internal.reflect.DelegatingMethodAccessorImpl.invoke(DelegatingMethodAccessorImpl.java:43)
	at java.base/java.lang.reflect.Method.invoke(Method.java:564)
	at org.springframework.beans.factory.support.SimpleInstantiationStrategy.instantiate(SimpleInstantiationStrategy.java:154)
	... 54 common frames omitted
Caused by: org.springframework.beans.factory.UnsatisfiedDependencyException: Error creating bean with name 'cacheManager' defined in class path resource [org/springframework/boot/autoconfigure/cache/HazelcastCacheConfiguration.class]: Unsatisfied dependency expressed through method 'cacheManager' parameter 0; nested exception is org.springframework.beans.factory.UnsatisfiedDependencyException: Error creating bean with name 'hazelcastInstance' defined in class path resource [org/springframework/boot/autoconfigure/hazelcast/HazelcastServerConfiguration$HazelcastServerConfigConfiguration.class]: Unsatisfied dependency expressed through method 'hazelcastInstance' parameter 0; nested exception is org.springframework.beans.factory.BeanCreationException: Error creating bean with name 'getHazelcastConfig' defined in class path resource [jp/co/axa/apidemo/configs/HazelcastCacheConfiguration.class]: Bean instantiation via factory method failed; nested exception is org.springframework.beans.BeanInstantiationException: Failed to instantiate [com.hazelcast.config.Config]: Factory method 'getHazelcastConfig' threw exception; nested exception is java.lang.Error: Unresolved compilation problem: 
	LRU cannot be resolved or is not a field

	at org.springframework.beans.factory.support.ConstructorResolver.createArgumentArray(ConstructorResolver.java:769)
	at org.springframework.beans.factory.support.ConstructorResolver.instantiateUsingFactoryMethod(ConstructorResolver.java:509)
	at org.springframework.beans.factory.support.AbstractAutowireCapableBeanFactory.instantiateUsingFactoryMethod(AbstractAutowireCapableBeanFactory.java:1321)
	at org.springframework.beans.factory.support.AbstractAutowireCapableBeanFactory.createBeanInstance(AbstractAutowireCapableBeanFactory.java:1160)
	at org.springframework.beans.factory.support.AbstractAutowireCapableBeanFactory.doCreateBean(AbstractAutowireCapableBeanFactory.java:555)
	at org.springframework.beans.factory.support.AbstractAutowireCapableBeanFactory.createBean(AbstractAutowireCapableBeanFactory.java:515)
	at org.springframework.beans.factory.support.AbstractBeanFactory.lambda$doGetBean$0(AbstractBeanFactory.java:320)
	at org.springframework.beans.factory.support.DefaultSingletonBeanRegistry.getSingleton(DefaultSingletonBeanRegistry.java:222)
	at org.springframework.beans.factory.support.AbstractBeanFactory.doGetBean(AbstractBeanFactory.java:318)
	at org.springframework.beans.factory.support.AbstractBeanFactory.getBean(AbstractBeanFactory.java:199)
	at org.springframework.beans.factory.config.DependencyDescriptor.resolveCandidate(DependencyDescriptor.java:277)
	at org.springframework.beans.factory.support.DefaultListableBeanFactory.addCandidateEntry(DefaultListableBeanFactory.java:1463)
	at org.springframework.beans.factory.support.DefaultListableBeanFactory.findAutowireCandidates(DefaultListableBeanFactory.java:1427)
	at org.springframework.beans.factory.support.DefaultListableBeanFactory.resolveMultipleBeans(DefaultListableBeanFactory.java:1346)
	at org.springframework.beans.factory.support.DefaultListableBeanFactory.doResolveDependency(DefaultListableBeanFactory.java:1205)
	at org.springframework.beans.factory.support.DefaultListableBeanFactory.resolveDependency(DefaultListableBeanFactory.java:1167)
	at org.springframework.beans.factory.support.ConstructorResolver.resolveAutowiredArgument(ConstructorResolver.java:857)
	at org.springframework.beans.factory.support.ConstructorResolver.createArgumentArray(ConstructorResolver.java:760)
	... 79 common frames omitted
Caused by: org.springframework.beans.factory.UnsatisfiedDependencyException: Error creating bean with name 'hazelcastInstance' defined in class path resource [org/springframework/boot/autoconfigure/hazelcast/HazelcastServerConfiguration$HazelcastServerConfigConfiguration.class]: Unsatisfied dependency expressed through method 'hazelcastInstance' parameter 0; nested exception is org.springframework.beans.factory.BeanCreationException: Error creating bean with name 'getHazelcastConfig' defined in class path resource [jp/co/axa/apidemo/configs/HazelcastCacheConfiguration.class]: Bean instantiation via factory method failed; nested exception is org.springframework.beans.BeanInstantiationException: Failed to instantiate [com.hazelcast.config.Config]: Factory method 'getHazelcastConfig' threw exception; nested exception is java.lang.Error: Unresolved compilation problem: 
	LRU cannot be resolved or is not a field

	at org.springframework.beans.factory.support.ConstructorResolver.createArgumentArray(ConstructorResolver.java:769)
	at org.springframework.beans.factory.support.ConstructorResolver.instantiateUsingFactoryMethod(ConstructorResolver.java:509)
	at org.springframework.beans.factory.support.AbstractAutowireCapableBeanFactory.instantiateUsingFactoryMethod(AbstractAutowireCapableBeanFactory.java:1321)
	at org.springframework.beans.factory.support.AbstractAutowireCapableBeanFactory.createBeanInstance(AbstractAutowireCapableBeanFactory.java:1160)
	at org.springframework.beans.factory.support.AbstractAutowireCapableBeanFactory.doCreateBean(AbstractAutowireCapableBeanFactory.java:555)
	at org.springframework.beans.factory.support.AbstractAutowireCapableBeanFactory.createBean(AbstractAutowireCapableBeanFactory.java:515)
	at org.springframework.beans.factory.support.AbstractBeanFactory.lambda$doGetBean$0(AbstractBeanFactory.java:320)
	at org.springframework.beans.factory.support.DefaultSingletonBeanRegistry.getSingleton(DefaultSingletonBeanRegistry.java:222)
	at org.springframework.beans.factory.support.AbstractBeanFactory.doGetBean(AbstractBeanFactory.java:318)
	at org.springframework.beans.factory.support.AbstractBeanFactory.getBean(AbstractBeanFactory.java:199)
	at org.springframework.beans.factory.config.DependencyDescriptor.resolveCandidate(DependencyDescriptor.java:277)
	at org.springframework.beans.factory.support.DefaultListableBeanFactory.doResolveDependency(DefaultListableBeanFactory.java:1247)
	at org.springframework.beans.factory.support.DefaultListableBeanFactory.resolveDependency(DefaultListableBeanFactory.java:1167)
	at org.springframework.beans.factory.support.ConstructorResolver.resolveAutowiredArgument(ConstructorResolver.java:857)
	at org.springframework.beans.factory.support.ConstructorResolver.createArgumentArray(ConstructorResolver.java:760)
	... 96 common frames omitted
Caused by: org.springframework.beans.factory.BeanCreationException: Error creating bean with name 'getHazelcastConfig' defined in class path resource [jp/co/axa/apidemo/configs/HazelcastCacheConfiguration.class]: Bean instantiation via factory method failed; nested exception is org.springframework.beans.BeanInstantiationException: Failed to instantiate [com.hazelcast.config.Config]: Factory method 'getHazelcastConfig' threw exception; nested exception is java.lang.Error: Unresolved compilation problem: 
	LRU cannot be resolved or is not a field

	at org.springframework.beans.factory.support.ConstructorResolver.instantiate(ConstructorResolver.java:627)
	at org.springframework.beans.factory.support.ConstructorResolver.instantiateUsingFactoryMethod(ConstructorResolver.java:456)
	at org.springframework.beans.factory.support.AbstractAutowireCapableBeanFactory.instantiateUsingFactoryMethod(AbstractAutowireCapableBeanFactory.java:1321)
	at org.springframework.beans.factory.support.AbstractAutowireCapableBeanFactory.createBeanInstance(AbstractAutowireCapableBeanFactory.java:1160)
	at org.springframework.beans.factory.support.AbstractAutowireCapableBeanFactory.doCreateBean(AbstractAutowireCapableBeanFactory.java:555)
	at org.springframework.beans.factory.support.AbstractAutowireCapableBeanFactory.createBean(AbstractAutowireCapableBeanFactory.java:515)
	at org.springframework.beans.factory.support.AbstractBeanFactory.lambda$doGetBean$0(AbstractBeanFactory.java:320)
	at org.springframework.beans.factory.support.DefaultSingletonBeanRegistry.getSingleton(DefaultSingletonBeanRegistry.java:222)
	at org.springframework.beans.factory.support.AbstractBeanFactory.doGetBean(AbstractBeanFactory.java:318)
	at org.springframework.beans.factory.support.AbstractBeanFactory.getBean(AbstractBeanFactory.java:199)
	at org.springframework.beans.factory.config.DependencyDescriptor.resolveCandidate(DependencyDescriptor.java:277)
	at org.springframework.beans.factory.support.DefaultListableBeanFactory.doResolveDependency(DefaultListableBeanFactory.java:1247)
	at org.springframework.beans.factory.support.DefaultListableBeanFactory.resolveDependency(DefaultListableBeanFactory.java:1167)
	at org.springframework.beans.factory.support.ConstructorResolver.resolveAutowiredArgument(ConstructorResolver.java:857)
	at org.springframework.beans.factory.support.ConstructorResolver.createArgumentArray(ConstructorResolver.java:760)
	... 110 common frames omitted
Caused by: org.springframework.beans.BeanInstantiationException: Failed to instantiate [com.hazelcast.config.Config]: Factory method 'getHazelcastConfig' threw exception; nested exception is java.lang.Error: Unresolved compilation problem: 
	LRU cannot be resolved or is not a field

	at org.springframework.beans.factory.support.SimpleInstantiationStrategy.instantiate(SimpleInstantiationStrategy.java:185)
	at org.springframework.beans.factory.support.ConstructorResolver.instantiate(ConstructorResolver.java:622)
	... 124 common frames omitted
Caused by: java.lang.Error: Unresolved compilation problem: 
	LRU cannot be resolved or is not a field

	at jp.co.axa.apidemo.configs.HazelcastCacheConfiguration.getHazelcastConfig(HazelcastCacheConfiguration.java:36)
	at jp.co.axa.apidemo.configs.HazelcastCacheConfiguration$$EnhancerBySpringCGLIB$$e6994e31.CGLIB$getHazelcastConfig$0(<generated>)
	at jp.co.axa.apidemo.configs.HazelcastCacheConfiguration$$EnhancerBySpringCGLIB$$e6994e31$$FastClassBySpringCGLIB$$63d6b8ca.invoke(<generated>)
	at org.springframework.cglib.proxy.MethodProxy.invokeSuper(MethodProxy.java:244)
	at org.springframework.context.annotation.ConfigurationClassEnhancer$BeanMethodInterceptor.intercept(ConfigurationClassEnhancer.java:363)
	at jp.co.axa.apidemo.configs.HazelcastCacheConfiguration$$EnhancerBySpringCGLIB$$e6994e31.getHazelcastConfig(<generated>)
	at java.base/jdk.internal.reflect.NativeMethodAccessorImpl.invoke0(Native Method)
	at java.base/jdk.internal.reflect.NativeMethodAccessorImpl.invoke(NativeMethodAccessorImpl.java:64)
	at java.base/jdk.internal.reflect.DelegatingMethodAccessorImpl.invoke(DelegatingMethodAccessorImpl.java:43)
	at java.base/java.lang.reflect.Method.invoke(Method.java:564)
	at org.springframework.beans.factory.support.SimpleInstantiationStrategy.instantiate(SimpleInstantiationStrategy.java:154)
	... 125 common frames omitted
[2022-02-11T13:52:10.010Z] [org.springframework.boot.StartupInfoLogger] [main] [[32m[0;39m] [50] [INFO ] Starting ApiDemoApplication on Lakshita-Raichura with PID 9076 (started by Lakshita in D:\AXA CODING CHALLENGE\java-challenge\alj-java-challenge-master\alj-java-challenge-master)
[2022-02-11T13:52:10.010Z] [org.springframework.boot.StartupInfoLogger] [main] [[32m[0;39m] [53] [DEBUG] Running with Spring Boot v2.1.4.RELEASE, Spring v5.1.6.RELEASE
[2022-02-11T13:52:10.010Z] [org.springframework.boot.SpringApplication] [main] [[32m[0;39m] [679] [INFO ] The following profiles are active: default
[2022-02-11T13:52:11.011Z] [org.apache.juli.logging.DirectJDKLog] [main] [[32m[0;39m] [173] [INFO ] Initializing ProtocolHandler ["http-nio-8181"]
[2022-02-11T13:52:11.011Z] [org.apache.juli.logging.DirectJDKLog] [main] [[32m[0;39m] [173] [INFO ] Starting service [Tomcat]
[2022-02-11T13:52:11.011Z] [org.apache.juli.logging.DirectJDKLog] [main] [[32m[0;39m] [173] [INFO ] Starting Servlet engine: [Apache Tomcat/9.0.17]
[2022-02-11T13:52:12.012Z] [org.apache.juli.logging.DirectJDKLog] [main] [[32m[0;39m] [173] [INFO ] Initializing Spring embedded WebApplicationContext
[2022-02-11T13:52:12.012Z] [com.hazelcast.logging.StandardLoggerFactory$StandardLogger] [main] [[32m[0;39m] [49] [INFO ] [LOCAL] [dev] [3.11.2] Prefer IPv4 stack is true, prefer IPv6 addresses is false
[2022-02-11T13:52:12.012Z] [com.hazelcast.logging.StandardLoggerFactory$StandardLogger] [main] [[32m[0;39m] [49] [INFO ] [LOCAL] [dev] [3.11.2] Picked [192.168.0.108]:5701, using socket ServerSocket[addr=/0:0:0:0:0:0:0:0,localport=5701], bind any local is true
[2022-02-11T13:52:12.012Z] [com.hazelcast.logging.StandardLoggerFactory$StandardLogger] [main] [[32m[0;39m] [49] [INFO ] [192.168.0.108]:5701 [dev] [3.11.2] Hazelcast 3.11.2 (20190216 - e302506) starting at [192.168.0.108]:5701
[2022-02-11T13:52:12.012Z] [com.hazelcast.logging.StandardLoggerFactory$StandardLogger] [main] [[32m[0;39m] [49] [INFO ] [192.168.0.108]:5701 [dev] [3.11.2] Copyright (c) 2008-2019, Hazelcast, Inc. All Rights Reserved.
[2022-02-11T13:52:12.012Z] [com.hazelcast.logging.StandardLoggerFactory$StandardLogger] [main] [[32m[0;39m] [49] [INFO ] [192.168.0.108]:5701 [dev] [3.11.2] A non-empty group password is configured for the Hazelcast member. Starting with Hazelcast version 3.8.2, members with the same group name, but with different group passwords (that do not use authentication) form a cluster. The group password configuration will be removed completely in a future release.
[2022-02-11T13:52:12.012Z] [com.hazelcast.logging.StandardLoggerFactory$StandardLogger] [main] [[32m[0;39m] [49] [INFO ] [192.168.0.108]:5701 [dev] [3.11.2] Backpressure is disabled
[2022-02-11T13:52:12.012Z] [com.hazelcast.logging.StandardLoggerFactory$StandardLogger] [main] [[32m[0;39m] [49] [INFO ] [192.168.0.108]:5701 [dev] [3.11.2] Creating MulticastJoiner
[2022-02-11T13:52:13.013Z] [com.hazelcast.logging.StandardLoggerFactory$StandardLogger] [main] [[32m[0;39m] [49] [INFO ] [192.168.0.108]:5701 [dev] [3.11.2] Starting 8 partition threads and 5 generic threads (1 dedicated for priority tasks)
[2022-02-11T13:52:13.013Z] [com.hazelcast.logging.StandardLoggerFactory$StandardLogger] [main] [[32m[0;39m] [49] [INFO ] [192.168.0.108]:5701 [dev] [3.11.2] Diagnostics disabled. To enable add -Dhazelcast.diagnostics.enabled=true to the JVM arguments.
[2022-02-11T13:52:13.013Z] [com.hazelcast.logging.StandardLoggerFactory$StandardLogger] [main] [[32m[0;39m] [49] [INFO ] [192.168.0.108]:5701 [dev] [3.11.2] [192.168.0.108]:5701 is STARTING
[2022-02-11T13:52:15.015Z] [com.hazelcast.logging.StandardLoggerFactory$StandardLogger] [main] [[32m[0;39m] [49] [INFO ] [192.168.0.108]:5701 [dev] [3.11.2] 

Members {size:1, ver:1} [
	Member [192.168.0.108]:5701 - 3fee4119-443e-4ac1-a982-ea4dd3b0420d this
]

[2022-02-11T13:52:16.016Z] [com.hazelcast.logging.StandardLoggerFactory$StandardLogger] [main] [[32m[0;39m] [49] [INFO ] [192.168.0.108]:5701 [dev] [3.11.2] [192.168.0.108]:5701 is STARTED
[2022-02-11T13:52:16.016Z] [com.zaxxer.hikari.HikariDataSource] [main] [[32m[0;39m] [110] [INFO ] HikariPool-1 - Starting...
[2022-02-11T13:52:16.016Z] [com.zaxxer.hikari.HikariDataSource] [main] [[32m[0;39m] [123] [INFO ] HikariPool-1 - Start completed.
[2022-02-11T13:52:16.016Z] [org.hibernate.jpa.internal.util.LogHelper] [main] [[32m[0;39m] [31] [INFO ] HHH000204: Processing PersistenceUnitInfo [
	name: default
	...]
[2022-02-11T13:52:16.016Z] [org.hibernate.Version] [main] [[32m[0;39m] [46] [INFO ] HHH000412: Hibernate Core {5.3.9.Final}
[2022-02-11T13:52:16.016Z] [org.hibernate.cfg.Environment] [main] [[32m[0;39m] [213] [INFO ] HHH000206: hibernate.properties not found
[2022-02-11T13:52:16.016Z] [org.hibernate.annotations.common.reflection.java.JavaReflectionManager] [main] [[32m[0;39m] [49] [INFO ] HCANN000001: Hibernate Commons Annotations {5.0.4.Final}
[2022-02-11T13:52:16.016Z] [org.hibernate.dialect.Dialect] [main] [[32m[0;39m] [157] [INFO ] HHH000400: Using dialect: org.hibernate.dialect.H2Dialect
[2022-02-11T13:52:17.017Z] [org.springframework.security.access.prepost.PrePostAnnotationSecurityMetadataSource] [main] [[32m[0;39m] [127] [DEBUG] @org.springframework.security.access.prepost.PreAuthorize("hasRole(\'ROLE_EDITOR\') or hasRole(\'ROLE_ADMIN\')") found on specific method: public org.springframework.http.ResponseEntity jp.co.axa.apidemo.controllers.EmployeeController.saveEmployee(jp.co.axa.apidemo.entities.Employee,javax.servlet.http.HttpServletResponse)
[2022-02-11T13:52:17.017Z] [org.springframework.security.access.method.DelegatingMethodSecurityMetadataSource] [main] [[32m[0;39m] [86] [DEBUG] Caching method [CacheKey[jp.co.axa.apidemo.controllers.EmployeeController; public org.springframework.http.ResponseEntity jp.co.axa.apidemo.controllers.EmployeeController.saveEmployee(jp.co.axa.apidemo.entities.Employee,javax.servlet.http.HttpServletResponse)]] with attributes [[authorize: 'hasRole('ROLE_EDITOR') or hasRole('ROLE_ADMIN')', filter: 'null', filterTarget: 'null']]
[2022-02-11T13:52:17.017Z] [org.springframework.security.access.intercept.AbstractSecurityInterceptor] [main] [[32m[0;39m] [180] [DEBUG] Validated configuration attributes
[2022-02-11T13:52:17.017Z] [org.springframework.security.access.prepost.PrePostAnnotationSecurityMetadataSource] [main] [[32m[0;39m] [127] [DEBUG] @org.springframework.security.access.prepost.PreAuthorize("hasRole(\'ROLE_ADMIN\')") found on specific method: public org.springframework.http.ResponseEntity jp.co.axa.apidemo.controllers.EmployeeController.deleteEmployee(java.lang.Long)
[2022-02-11T13:52:17.017Z] [org.springframework.security.access.method.DelegatingMethodSecurityMetadataSource] [main] [[32m[0;39m] [86] [DEBUG] Caching method [CacheKey[jp.co.axa.apidemo.controllers.EmployeeController; public org.springframework.http.ResponseEntity jp.co.axa.apidemo.controllers.EmployeeController.deleteEmployee(java.lang.Long)]] with attributes [[authorize: 'hasRole('ROLE_ADMIN')', filter: 'null', filterTarget: 'null']]
[2022-02-11T13:52:17.017Z] [org.springframework.security.access.prepost.PrePostAnnotationSecurityMetadataSource] [main] [[32m[0;39m] [127] [DEBUG] @org.springframework.security.access.prepost.PreAuthorize("hasRole(\'ROLE_EDITOR\') or hasRole(\'ROLE_ADMIN\')") found on specific method: public org.springframework.http.ResponseEntity jp.co.axa.apidemo.controllers.EmployeeController.updateEmployee(jp.co.axa.apidemo.entities.Employee,java.lang.Long,javax.servlet.http.HttpServletResponse)
[2022-02-11T13:52:17.017Z] [org.springframework.security.access.method.DelegatingMethodSecurityMetadataSource] [main] [[32m[0;39m] [86] [DEBUG] Caching method [CacheKey[jp.co.axa.apidemo.controllers.EmployeeController; public org.springframework.http.ResponseEntity jp.co.axa.apidemo.controllers.EmployeeController.updateEmployee(jp.co.axa.apidemo.entities.Employee,java.lang.Long,javax.servlet.http.HttpServletResponse)]] with attributes [[authorize: 'hasRole('ROLE_EDITOR') or hasRole('ROLE_ADMIN')', filter: 'null', filterTarget: 'null']]
[2022-02-11T13:52:17.017Z] [org.springframework.security.access.prepost.PrePostAnnotationSecurityMetadataSource] [main] [[32m[0;39m] [127] [DEBUG] @org.springframework.security.access.prepost.PreAuthorize("hasRole(\'ROLE_VIEWER\') or hasRole(\'ROLE_EDITOR\') or hasRole(\'ROLE_ADMIN\')") found on specific method: public org.springframework.http.ResponseEntity jp.co.axa.apidemo.controllers.EmployeeController.getEmployees()
[2022-02-11T13:52:17.017Z] [org.springframework.security.access.method.DelegatingMethodSecurityMetadataSource] [main] [[32m[0;39m] [86] [DEBUG] Caching method [CacheKey[jp.co.axa.apidemo.controllers.EmployeeController; public org.springframework.http.ResponseEntity jp.co.axa.apidemo.controllers.EmployeeController.getEmployees()]] with attributes [[authorize: 'hasRole('ROLE_VIEWER') or hasRole('ROLE_EDITOR') or hasRole('ROLE_ADMIN')', filter: 'null', filterTarget: 'null']]
[2022-02-11T13:52:17.017Z] [org.springframework.security.access.prepost.PrePostAnnotationSecurityMetadataSource] [main] [[32m[0;39m] [127] [DEBUG] @org.springframework.security.access.prepost.PreAuthorize("hasRole(\'ROLE_VIEWER\') or hasRole(\'ROLE_EDITOR\') or hasRole(\'ROLE_ADMIN\')") found on specific method: public org.springframework.http.ResponseEntity jp.co.axa.apidemo.controllers.EmployeeController.getEmployee(java.lang.Long)
[2022-02-11T13:52:17.017Z] [org.springframework.security.access.method.DelegatingMethodSecurityMetadataSource] [main] [[32m[0;39m] [86] [DEBUG] Caching method [CacheKey[jp.co.axa.apidemo.controllers.EmployeeController; public org.springframework.http.ResponseEntity jp.co.axa.apidemo.controllers.EmployeeController.getEmployee(java.lang.Long)]] with attributes [[authorize: 'hasRole('ROLE_VIEWER') or hasRole('ROLE_EDITOR') or hasRole('ROLE_ADMIN')', filter: 'null', filterTarget: 'null']]
[2022-02-11T13:52:18.018Z] [springfox.documentation.spring.web.PropertySourcedRequestMappingHandlerMapping] [main] [[32m[0;39m] [69] [INFO ] Mapped URL path [/v2/api-docs] onto method [public org.springframework.http.ResponseEntity<springfox.documentation.spring.web.json.Json> springfox.documentation.swagger2.web.Swagger2Controller.getDocumentation(java.lang.String,javax.servlet.http.HttpServletRequest)]
[2022-02-11T13:52:18.018Z] [org.springframework.security.web.access.expression.ExpressionBasedFilterInvocationSecurityMetadataSource] [main] [[32m[0;39m] [74] [DEBUG] Adding web access control expression 'permitAll', for Ant [pattern='/h2-console/**']
[2022-02-11T13:52:18.018Z] [org.springframework.security.web.access.expression.ExpressionBasedFilterInvocationSecurityMetadataSource] [main] [[32m[0;39m] [74] [DEBUG] Adding web access control expression 'permitAll', for Ant [pattern='/swagger-ui/**']
[2022-02-11T13:52:18.018Z] [org.springframework.security.web.access.expression.ExpressionBasedFilterInvocationSecurityMetadataSource] [main] [[32m[0;39m] [74] [DEBUG] Adding web access control expression 'authenticated', for any request
[2022-02-11T13:52:18.018Z] [org.springframework.security.access.intercept.AbstractSecurityInterceptor] [main] [[32m[0;39m] [180] [DEBUG] Validated configuration attributes
[2022-02-11T13:52:18.018Z] [org.springframework.security.access.intercept.AbstractSecurityInterceptor] [main] [[32m[0;39m] [180] [DEBUG] Validated configuration attributes
[2022-02-11T13:52:18.018Z] [org.springframework.security.web.DefaultSecurityFilterChain] [main] [[32m[0;39m] [43] [INFO ] Creating filter chain: any request, [org.springframework.security.web.context.request.async.WebAsyncManagerIntegrationFilter@4d4ae76, org.springframework.security.web.context.SecurityContextPersistenceFilter@4b9be679, org.springframework.security.web.header.HeaderWriterFilter@4f34f451, org.springframework.security.web.authentication.logout.LogoutFilter@25082311, org.springframework.security.web.authentication.www.BasicAuthenticationFilter@12a9889e, org.springframework.security.web.savedrequest.RequestCacheAwareFilter@768dcd21, org.springframework.security.web.servletapi.SecurityContextHolderAwareRequestFilter@abce494, org.springframework.security.web.authentication.AnonymousAuthenticationFilter@28e9f6b8, org.springframework.security.web.session.SessionManagementFilter@490f4b14, org.springframework.security.web.access.ExceptionTranslationFilter@32daccab, org.springframework.security.web.access.intercept.FilterSecurityInterceptor@54a0ada1]
[2022-02-11T13:52:18.018Z] [org.springframework.security.config.annotation.authentication.configuration.AuthenticationConfiguration$EnableGlobalAuthenticationAutowiredConfigurer] [main] [[32m[0;39m] [192] [DEBUG] Eagerly initializing {JPASecurityConfiguration=jp.co.axa.apidemo.security.JPASecurityConfiguration$$EnhancerBySpringCGLIB$$eff74ac8@655e3f4c}
[2022-02-11T13:52:18.018Z] [springfox.documentation.spring.web.plugins.DocumentationPluginsBootstrapper] [main] [[32m[0;39m] [147] [INFO ] Context refreshed
[2022-02-11T13:52:18.018Z] [springfox.documentation.spring.web.plugins.DocumentationPluginsBootstrapper] [main] [[32m[0;39m] [150] [INFO ] Found 1 custom documentation plugin(s)
[2022-02-11T13:52:18.018Z] [springfox.documentation.spring.web.scanners.ApiListingReferenceScanner] [main] [[32m[0;39m] [41] [INFO ] Scanning for api listing references
[2022-02-11T13:52:18.018Z] [org.apache.juli.logging.DirectJDKLog] [main] [[32m[0;39m] [173] [INFO ] Starting ProtocolHandler ["http-nio-8181"]
[2022-02-11T13:52:18.018Z] [org.springframework.boot.StartupInfoLogger] [main] [[32m[0;39m] [59] [INFO ] Started ApiDemoApplication in 9.199 seconds (JVM running for 10.099)
[2022-02-11T13:56:45.045Z] [com.zaxxer.hikari.HikariDataSource] [RMI TCP Connection(14)-127.0.0.1] [[32m[0;39m] [350] [INFO ] HikariPool-1 - Shutdown initiated...
[2022-02-11T13:56:45.045Z] [com.zaxxer.hikari.HikariDataSource] [RMI TCP Connection(14)-127.0.0.1] [[32m[0;39m] [352] [INFO ] HikariPool-1 - Shutdown completed.
